2022-09-12 09:38:11 | [INFO]    | Discordia 2.9.2
2022-09-12 09:38:11 | [INFO]    | Connecting to Discord...
2022-09-12 09:38:12 | [INFO]    | Authenticated as Free Fire#6128
2022-09-12 09:38:12 | [INFO]    | Launching shard 0 (1 out of 1)...
2022-09-12 09:38:13 | [INFO]    | Shard 0 : Connected to wss://gateway.discord.gg
2022-09-12 09:38:13 | [INFO]    | Shard 0 : Received HELLO
2022-09-12 09:38:13 | [INFO]    | Shard 0 : Received READY
2022-09-12 09:38:13 | [INFO]    | Ready: Free Fire#6128 | Bot version: 1.0
2022-09-12 09:38:35 | [INFO]    | Discordia 2.9.2
2022-09-12 09:38:35 | [INFO]    | Connecting to Discord...
2022-09-12 09:38:35 | [INFO]    | Authenticated as Free Fire#6128
2022-09-12 09:38:35 | [INFO]    | Launching shard 0 (1 out of 1)...
2022-09-12 09:38:35 | [INFO]    | Shard 0 : Connected to wss://gateway.discord.gg
2022-09-12 09:38:35 | [INFO]    | Shard 0 : Received HELLO
2022-09-12 09:38:36 | [INFO]    | Shard 0 : Received READY
2022-09-12 09:38:36 | [INFO]    | Ready: Free Fire#6128 | Bot version: 1.0
2022-09-12 09:39:07 | [INFO]    | Discordia 2.9.2
2022-09-12 09:39:07 | [INFO]    | Connecting to Discord...
2022-09-12 09:39:08 | [INFO]    | Authenticated as Free Fire#6128
2022-09-12 09:39:08 | [INFO]    | Launching shard 0 (1 out of 1)...
2022-09-12 09:39:08 | [INFO]    | Shard 0 : Connected to wss://gateway.discord.gg
2022-09-12 09:39:08 | [INFO]    | Shard 0 : Received HELLO
2022-09-12 09:39:32 | [INFO]    | Discordia 2.9.2
2022-09-12 09:39:32 | [INFO]    | Connecting to Discord...
2022-09-12 09:39:32 | [INFO]    | Authenticated as Free Fire#6128
2022-09-12 09:39:32 | [INFO]    | Launching shard 0 (1 out of 1)...
2022-09-12 09:39:32 | [INFO]    | Shard 0 : Connected to wss://gateway.discord.gg
2022-09-12 09:39:32 | [INFO]    | Shard 0 : Received HELLO
2022-09-12 09:39:33 | [INFO]    | Shard 0 : Received READY
2022-09-12 09:39:33 | [INFO]    | Ready: Free Fire#6128 | Bot version: 1.0
2022-09-12 09:40:04 | [INFO]    | Discordia 2.9.2
2022-09-12 09:40:04 | [INFO]    | Connecting to Discord...
2022-09-12 09:40:05 | [INFO]    | Authenticated as Free Fire#6128
2022-09-12 09:40:05 | [INFO]    | Launching shard 0 (1 out of 1)...
2022-09-12 09:40:05 | [INFO]    | Shard 0 : Connected to wss://gateway.discord.gg
2022-09-12 09:40:05 | [INFO]    | Shard 0 : Received HELLO
2022-09-12 09:40:05 | [INFO]    | Shard 0 : Received READY
2022-09-12 09:40:05 | [INFO]    | Ready: Free Fire#6128 | Bot version: 1.0
2022-09-12 09:41:18 | [INFO]    | Discordia 2.9.2
2022-09-12 09:41:18 | [INFO]    | Connecting to Discord...
2022-09-12 09:41:18 | [INFO]    | Authenticated as Free Fire#6128
2022-09-12 09:41:18 | [INFO]    | Launching shard 0 (1 out of 1)...
2022-09-12 09:41:18 | [INFO]    | Shard 0 : Connected to wss://gateway.discord.gg
2022-09-12 09:41:18 | [INFO]    | Shard 0 : Received HELLO
2022-09-12 09:41:19 | [INFO]    | Shard 0 : Received READY
2022-09-12 09:41:19 | [INFO]    | Ready: Free Fire#6128 | Bot version: 1.0
2022-09-12 09:42:22 | [INFO]    | Discordia 2.9.2
2022-09-12 09:42:22 | [INFO]    | Connecting to Discord...
2022-09-12 09:42:23 | [INFO]    | Authenticated as Free Fire#6128
2022-09-12 09:42:23 | [INFO]    | Launching shard 0 (1 out of 1)...
2022-09-12 09:42:23 | [INFO]    | Shard 0 : Connected to wss://gateway.discord.gg
2022-09-12 09:42:23 | [INFO]    | Shard 0 : Received HELLO
2022-09-12 09:42:23 | [INFO]    | Shard 0 : Received READY
2022-09-12 09:42:23 | [INFO]    | Ready: Free Fire#6128 | Bot version: 1.0
